0 info it worked if it ends with ok
1 verbose cli [ '/usr/local/bin/node', '/usr/local/bin/npm', 'start', 'dev' ]
2 info using npm@4.0.5
3 info using node@v6.4.0
4 verbose run-script [ 'prestart', 'start', 'poststart' ]
5 info lifecycle anuncios-cms-webserver@0.0.0~prestart: anuncios-cms-webserver@0.0.0
6 silly lifecycle anuncios-cms-webserver@0.0.0~prestart: no script for prestart, continuing
7 info lifecycle anuncios-cms-webserver@0.0.0~start: anuncios-cms-webserver@0.0.0
8 verbose lifecycle anuncios-cms-webserver@0.0.0~start: unsafe-perm in lifecycle true
9 verbose lifecycle anuncios-cms-webserver@0.0.0~start: PATH: /usr/local/lib/node_modules/npm/bin/node-gyp-bin:/Users/nalon/Documents/mine/anuncios-cms-webserver/node_modules/.bin:/Users/nalon/Documents/projects_globo/virtual_globo/bin:/usr/bin:/bin:/usr/sbin:/sbin:/usr/local/bin:/usr/local/mysql/bin:/Users/nalon/Documents/projects_globo/memcached-1.4.20:/Users/nalon/android-sdk-macosx/tools:/Users/nalon/android-sdk-macosx/platform-tools:/Users/nalon/gradle-2.2/bin:/Users/nalon/Documents/projects_globo/redis-2.8.13/src
10 verbose lifecycle anuncios-cms-webserver@0.0.0~start: CWD: /Users/nalon/Documents/mine/anuncios-cms-webserver
11 silly lifecycle anuncios-cms-webserver@0.0.0~start: Args: [ '-c', 'node ./bin/www "dev"' ]
12 silly lifecycle anuncios-cms-webserver@0.0.0~start: Returned: code: 1  signal: null
13 info lifecycle anuncios-cms-webserver@0.0.0~start: Failed to exec start script
14 verbose stack Error: anuncios-cms-webserver@0.0.0 start: `node ./bin/www "dev"`
14 verbose stack Exit status 1
14 verbose stack     at EventEmitter.<anonymous> (/usr/local/lib/node_modules/npm/lib/utils/lifecycle.js:279:16)
14 verbose stack     at emitTwo (events.js:106:13)
14 verbose stack     at EventEmitter.emit (events.js:191:7)
14 verbose stack     at ChildProcess.<anonymous> (/usr/local/lib/node_modules/npm/lib/utils/spawn.js:40:14)
14 verbose stack     at emitTwo (events.js:106:13)
14 verbose stack     at ChildProcess.emit (events.js:191:7)
14 verbose stack     at maybeClose (internal/child_process.js:852:16)
14 verbose stack     at Process.ChildProcess._handle.onexit (internal/child_process.js:215:5)
15 verbose pkgid anuncios-cms-webserver@0.0.0
16 verbose cwd /Users/nalon/Documents/mine/anuncios-cms-webserver
17 error Darwin 15.2.0
18 error argv "/usr/local/bin/node" "/usr/local/bin/npm" "start" "dev"
19 error node v6.4.0
20 error npm  v4.0.5
21 error code ELIFECYCLE
22 error anuncios-cms-webserver@0.0.0 start: `node ./bin/www "dev"`
22 error Exit status 1
23 error Failed at the anuncios-cms-webserver@0.0.0 start script 'node ./bin/www "dev"'.
23 error Make sure you have the latest version of node.js and npm installed.
23 error If you do, this is most likely a problem with the anuncios-cms-webserver package,
23 error not with npm itself.
23 error Tell the author that this fails on your system:
23 error     node ./bin/www "dev"
23 error You can get information on how to open an issue for this project with:
23 error     npm bugs anuncios-cms-webserver
23 error Or if that isn't available, you can get their info via:
23 error     npm owner ls anuncios-cms-webserver
23 error There is likely additional logging output above.
24 verbose exit [ 1, true ]
